{"name": "Order items and verify cart", "status": "failed", "statusDetails": {"message": "selenium.common.exceptions.NoSuchElementException: Message: no such element: Unable to locate element: {\"method\":\"xpath\",\"selector\":\"//div[contains(text(),'Safe and Secure Payments.')]\"}\n  (Session info: chrome=127.0.6533.122); For documentation on this error, please visit: https://www.selenium.dev/documentation/webdriver/troubleshooting/errors#no-such-element-exception\nStacktrace:\n\tGetHandleVerifier [0x00E38923+23283]\n\t(No symbol) [0x00DFE934]\n\t(No symbol) [0x00D30733]\n\t(No symbol) [0x00D7326F]\n\t(No symbol) [0x00D734AB]\n\t(No symbol) [0x00DAEE42]\n\t(No symbol) [0x00D94464]\n\t(No symbol) [0x00DACB8D]\n\t(No symbol) [0x00D941B6]\n\t(No symbol) [0x00D68017]\n\t(No symbol) [0x00D6890D]\n\tGetHandleVerifier [0x00F2A5F3+1013699]\n\tGetHandleVerifier [0x00F33E4C+1052700]\n\tGetHandleVerifier [0x00F2D4B4+1025668]\n\tGetHandleVerifier [0x00E5EA2B+179195]\n\t(No symbol) [0x00E06833]\n\t(No symbol) [0x00E03198]\n\t(No symbol) [0x00E03337]\n\t(No symbol) [0x00DFB4BE]\n\tBaseThreadInitThunk [0x75757BA9+25]\n\tRtlInitializeExceptionChain [0x7737C11B+107]\n\tRtlClearBits [0x7737C09F+191]", "trace": "fixturefunc = <function check_availability_and_add at 0x000001B7F423B2E0>\nrequest = <FixtureRequest for <Function test_order_items_and_verify_cart>>\nkwargs = {'browser': <selenium.webdriver.chrome.webdriver.WebDriver (session=\"663c8e230cee76cc78c483f2b6c21b45\")>}\n\n    def call_fixture_func(\n        fixturefunc: _FixtureFunc[FixtureValue], request: FixtureRequest, kwargs\n    ) -> FixtureValue:\n        if is_generator(fixturefunc):\n            fixturefunc = cast(\n                Callable[..., Generator[FixtureValue, None, None]], fixturefunc\n            )\n            generator = fixturefunc(**kwargs)\n            try:\n                fixture_result = next(generator)\n            except StopIteration:\n                raise ValueError(f\"{request.fixturename} did not yield a value\") from None\n            finalizer = functools.partial(_teardown_yield_fixture, fixturefunc, generator)\n            request.addfinalizer(finalizer)\n        else:\n            fixturefunc = cast(Callable[..., FixtureValue], fixturefunc)\n>           fixture_result = fixturefunc(**kwargs)\n\nC:\\Users\\ac57486\\AppData\\Local\\Programs\\Python\\Python310\\lib\\site-packages\\_pytest\\fixtures.py:898: \n_ _ _ _ _ _ _ _ _ _ _ _ _ _ _ _ _ _ _ _ _ _ _ _ _ _ _ _ _ _ _ _ _ _ _ _ _ _ _ _ _ _ _ _ _ _ _ _ _ _ _\ntest_item_ordering.py:61: in check_availability_and_add\n    item_page.check_availability_and_add_to_cart(test_data['pin_code'])\n..\\pages\\item_page.py:17: in check_availability_and_add_to_cart\n    self.driver.execute_script(\"arguments[0].scrollIntoView(true);\", self.driver.find_element(By.XPATH, \"//div[contains(text(),'Safe and Secure Payments.')]\"))\nC:\\Users\\ac57486\\AppData\\Local\\Programs\\Python\\Python310\\lib\\site-packages\\selenium\\webdriver\\remote\\webdriver.py:738: in find_element\n    return self.execute(Command.FIND_ELEMENT, {\"using\": by, \"value\": value})[\"value\"]\nC:\\Users\\ac57486\\AppData\\Local\\Programs\\Python\\Python310\\lib\\site-packages\\selenium\\webdriver\\remote\\webdriver.py:344: in execute\n    self.error_handler.check_response(response)\n_ _ _ _ _ _ _ _ _ _ _ _ _ _ _ _ _ _ _ _ _ _ _ _ _ _ _ _ _ _ _ _ _ _ _ _ _ _ _ _ _ _ _ _ _ _ _ _ _ _ _\n\nself = <selenium.webdriver.remote.errorhandler.ErrorHandler object at 0x000001B7F42432B0>\nresponse = {'status': 404, 'value': '{\"value\":{\"error\":\"no such element\",\"message\":\"no such element: Unable to locate element: {\\...dInitThunk [0x75757BA9+25]\\\\n\\\\tRtlInitializeExceptionChain [0x7737C11B+107]\\\\n\\\\tRtlClearBits [0x7737C09F+191]\\\\n\"}}'}\n\n    def check_response(self, response: Dict[str, Any]) -> None:\n        \"\"\"Checks that a JSON response from the WebDriver does not have an\n        error.\n    \n        :Args:\n         - response - The JSON response from the WebDriver server as a dictionary\n           object.\n    \n        :Raises: If the response contains an error message.\n        \"\"\"\n        status = response.get(\"status\", None)\n        if not status or status == ErrorCode.SUCCESS:\n            return\n        value = None\n        message = response.get(\"message\", \"\")\n        screen: str = response.get(\"screen\", \"\")\n        stacktrace = None\n        if isinstance(status, int):\n            value_json = response.get(\"value\", None)\n            if value_json and isinstance(value_json, str):\n                import json\n    \n                try:\n                    value = json.loads(value_json)\n                    if len(value) == 1:\n                        value = value[\"value\"]\n                    status = value.get(\"error\", None)\n                    if not status:\n                        status = value.get(\"status\", ErrorCode.UNKNOWN_ERROR)\n                        message = value.get(\"value\") or value.get(\"message\")\n                        if not isinstance(message, str):\n                            value = message\n                            message = message.get(\"message\")\n                    else:\n                        message = value.get(\"message\", None)\n                except ValueError:\n                    pass\n    \n        exception_class: Type[WebDriverException]\n        e = ErrorCode()\n        error_codes = [item for item in dir(e) if not item.startswith(\"__\")]\n        for error_code in error_codes:\n            error_info = getattr(ErrorCode, error_code)\n            if isinstance(error_info, list) and status in error_info:\n                exception_class = getattr(ExceptionMapping, error_code, WebDriverException)\n                break\n        else:\n            exception_class = WebDriverException\n    \n        if not value:\n            value = response[\"value\"]\n        if isinstance(value, str):\n            raise exception_class(value)\n        if message == \"\" and \"message\" in value:\n            message = value[\"message\"]\n    \n        screen = None  # type: ignore[assignment]\n        if \"screen\" in value:\n            screen = value[\"screen\"]\n    \n        stacktrace = None\n        st_value = value.get(\"stackTrace\") or value.get(\"stacktrace\")\n        if st_value:\n            if isinstance(st_value, str):\n                stacktrace = st_value.split(\"\\n\")\n            else:\n                stacktrace = []\n                try:\n                    for frame in st_value:\n                        line = frame.get(\"lineNumber\", \"\")\n                        file = frame.get(\"fileName\", \"<anonymous>\")\n                        if line:\n                            file = f\"{file}:{line}\"\n                        meth = frame.get(\"methodName\", \"<anonymous>\")\n                        if \"className\" in frame:\n                            meth = f\"{frame['className']}.{meth}\"\n                        msg = \"    at %s (%s)\"\n                        msg = msg % (meth, file)\n                        stacktrace.append(msg)\n                except TypeError:\n                    pass\n        if exception_class == UnexpectedAlertPresentException:\n            alert_text = None\n            if \"data\" in value:\n                alert_text = value[\"data\"].get(\"text\")\n            elif \"alert\" in value:\n                alert_text = value[\"alert\"].get(\"text\")\n            raise exception_class(message, screen, stacktrace, alert_text)  # type: ignore[call-arg]  # mypy is not smart enough here\n>       raise exception_class(message, screen, stacktrace)\nE       selenium.common.exceptions.NoSuchElementException: Message: no such element: Unable to locate element: {\"method\":\"xpath\",\"selector\":\"//div[contains(text(),'Safe and Secure Payments.')]\"}\nE         (Session info: chrome=127.0.6533.122); For documentation on this error, please visit: https://www.selenium.dev/documentation/webdriver/troubleshooting/errors#no-such-element-exception\nE       Stacktrace:\nE       \tGetHandleVerifier [0x00E38923+23283]\nE       \t(No symbol) [0x00DFE934]\nE       \t(No symbol) [0x00D30733]\nE       \t(No symbol) [0x00D7326F]\nE       \t(No symbol) [0x00D734AB]\nE       \t(No symbol) [0x00DAEE42]\nE       \t(No symbol) [0x00D94464]\nE       \t(No symbol) [0x00DACB8D]\nE       \t(No symbol) [0x00D941B6]\nE       \t(No symbol) [0x00D68017]\nE       \t(No symbol) [0x00D6890D]\nE       \tGetHandleVerifier [0x00F2A5F3+1013699]\nE       \tGetHandleVerifier [0x00F33E4C+1052700]\nE       \tGetHandleVerifier [0x00F2D4B4+1025668]\nE       \tGetHandleVerifier [0x00E5EA2B+179195]\nE       \t(No symbol) [0x00E06833]\nE       \t(No symbol) [0x00E03198]\nE       \t(No symbol) [0x00E03337]\nE       \t(No symbol) [0x00DFB4BE]\nE       \tBaseThreadInitThunk [0x75757BA9+25]\nE       \tRtlInitializeExceptionChain [0x7737C11B+107]\nE       \tRtlClearBits [0x7737C09F+191]\n\nC:\\Users\\ac57486\\AppData\\Local\\Programs\\Python\\Python310\\lib\\site-packages\\selenium\\webdriver\\remote\\errorhandler.py:229: NoSuchElementException"}, "steps": [{"name": "Given I open Flipkart", "status": "passed", "start": 1727177366687, "stop": 1727177384309}, {"name": "When I search for \"Samsung S24 128 GB\" and select the second item", "status": "passed", "start": 1727177384309, "stop": 1727177394448}, {"name": "And I check the item's availability and add it to the cart", "status": "failed", "statusDetails": {"message": "Message: no such element: Unable to locate element: {\"method\":\"xpath\",\"selector\":\"//div[contains(text(),'Safe and Secure Payments.')]\"}\n  (Session info: chrome=127.0.6533.122); For documentation on this error, please visit: https://www.selenium.dev/documentation/webdriver/troubleshooting/errors#no-such-element-exception\nStacktrace:\n\tGetHandleVerifier [0x00E38923+23283]\n\t(No symbol) [0x00DFE934]\n\t(No symbol) [0x00D30733]\n\t(No symbol) [0x00D7326F]\n\t(No symbol) [0x00D734AB]\n\t(No symbol) [0x00DAEE42]\n\t(No symbol) [0x00D94464]\n\t(No symbol) [0x00DACB8D]\n\t(No symbol) [0x00D941B6]\n\t(No symbol) [0x00D68017]\n\t(No symbol) [0x00D6890D]\n\tGetHandleVerifier [0x00F2A5F3+1013699]\n\tGetHandleVerifier [0x00F33E4C+1052700]\n\tGetHandleVerifier [0x00F2D4B4+1025668]\n\tGetHandleVerifier [0x00E5EA2B+179195]\n\t(No symbol) [0x00E06833]\n\t(No symbol) [0x00E03198]\n\t(No symbol) [0x00E03337]\n\t(No symbol) [0x00DFB4BE]\n\tBaseThreadInitThunk [0x75757BA9+25]\n\tRtlInitializeExceptionChain [0x7737C11B+107]\n\tRtlClearBits [0x7737C09F+191]\n", "trace": "selenium.common.exceptions.NoSuchElementException: Message: no such element: Unable to locate element: {\"method\":\"xpath\",\"selector\":\"//div[contains(text(),'Safe and Secure Payments.')]\"}\n  (Session info: chrome=127.0.6533.122); For documentation on this error, please visit: https://www.selenium.dev/documentation/webdriver/troubleshooting/errors#no-such-element-exception\nStacktrace:\n\tGetHandleVerifier [0x00E38923+23283]\n\t(No symbol) [0x00DFE934]\n\t(No symbol) [0x00D30733]\n\t(No symbol) [0x00D7326F]\n\t(No symbol) [0x00D734AB]\n\t(No symbol) [0x00DAEE42]\n\t(No symbol) [0x00D94464]\n\t(No symbol) [0x00DACB8D]\n\t(No symbol) [0x00D941B6]\n\t(No symbol) [0x00D68017]\n\t(No symbol) [0x00D6890D]\n\tGetHandleVerifier [0x00F2A5F3+1013699]\n\tGetHandleVerifier [0x00F33E4C+1052700]\n\tGetHandleVerifier [0x00F2D4B4+1025668]\n\tGetHandleVerifier [0x00E5EA2B+179195]\n\t(No symbol) [0x00E06833]\n\t(No symbol) [0x00E03198]\n\t(No symbol) [0x00E03337]\n\t(No symbol) [0x00DFB4BE]\n\tBaseThreadInitThunk [0x75757BA9+25]\n\tRtlInitializeExceptionChain [0x7737C11B+107]\n\tRtlClearBits [0x7737C09F+191]\n\n"}, "start": 1727177394449, "stop": 1727177401759}], "start": 1727177366686, "stop": 1727177401759, "uuid": "1197ce14-10d3-eccb-e6ba-fb29d5df7777", "historyId": "1197ce1410d3eccbe6bafb29d5df7777", "fullName": "features\\item_ordering.feature:Order items and verify cart", "labels": [{"name": "host", "value": "IND-5CG0259CKD"}, {"name": "thread", "value": "15412-MainThread"}, {"name": "framework", "value": "pytest-bdd"}, {"name": "language", "value": "cpython3"}, {"name": "feature", "value": "Item ordering on Flipkart"}]}