{"name": "Order items and verify cart", "status": "failed", "statusDetails": {"message": "selenium.common.exceptions.TimeoutException: Message: \nStacktrace:\n\tGetHandleVerifier [0x00F48923+23283]\n\t(No symbol) [0x00F0E934]\n\t(No symbol) [0x00E40733]\n\t(No symbol) [0x00E8326F]\n\t(No symbol) [0x00E834AB]\n\t(No symbol) [0x00EBEE42]\n\t(No symbol) [0x00EA4464]\n\t(No symbol) [0x00EBCB8D]\n\t(No symbol) [0x00EA41B6]\n\t(No symbol) [0x00E78017]\n\t(No symbol) [0x00E7890D]\n\tGetHandleVerifier [0x0103A5F3+1013699]\n\tGetHandleVerifier [0x01043E4C+1052700]\n\tGetHandleVerifier [0x0103D4B4+1025668]\n\tGetHandleVerifier [0x00F6EA2B+179195]\n\t(No symbol) [0x00F16833]\n\t(No symbol) [0x00F13198]\n\t(No symbol) [0x00F13337]\n\t(No symbol) [0x00F0B4BE]\n\tBaseThreadInitThunk [0x75757BA9+25]\n\tRtlInitializeExceptionChain [0x7737C11B+107]\n\tRtlClearBits [0x7737C09F+191]", "trace": "fixturefunc = <function return_home at 0x000001F4742789D0>\nrequest = <FixtureRequest for <Function test_order_items_and_verify_cart>>\nkwargs = {'browser': <selenium.webdriver.chrome.webdriver.WebDriver (session=\"f3aa393738ba071cef64a27cc002d632\")>}\n\n    def call_fixture_func(\n        fixturefunc: _FixtureFunc[FixtureValue], request: FixtureRequest, kwargs\n    ) -> FixtureValue:\n        if is_generator(fixturefunc):\n            fixturefunc = cast(\n                Callable[..., Generator[FixtureValue, None, None]], fixturefunc\n            )\n            generator = fixturefunc(**kwargs)\n            try:\n                fixture_result = next(generator)\n            except StopIteration:\n                raise ValueError(f\"{request.fixturename} did not yield a value\") from None\n            finalizer = functools.partial(_teardown_yield_fixture, fixturefunc, generator)\n            request.addfinalizer(finalizer)\n        else:\n            fixturefunc = cast(Callable[..., FixtureValue], fixturefunc)\n>           fixture_result = fixturefunc(**kwargs)\n\n..\\..\\..\\..\\..\\AppData\\Local\\Programs\\Python\\Python310\\lib\\site-packages\\_pytest\\fixtures.py:898: \n_ _ _ _ _ _ _ _ _ _ _ _ _ _ _ _ _ _ _ _ _ _ _ _ _ _ _ _ _ _ _ _ _ _ _ _ _ _ _ _ _ _ _ _ _ _ _ _ _ _ _\nfeatures\\tests\\test_item_ordering.py:67: in return_home\n    item_page.navigate_to_home_page()\nfeatures\\pages\\item_page.py:29: in navigate_to_home_page\n    self.wait_for_element((self.close_btn))\nfeatures\\pages\\base_page.py:14: in wait_for_element\n    WebDriverWait(self.driver, 10).until(EC.presence_of_element_located(locator))\n_ _ _ _ _ _ _ _ _ _ _ _ _ _ _ _ _ _ _ _ _ _ _ _ _ _ _ _ _ _ _ _ _ _ _ _ _ _ _ _ _ _ _ _ _ _ _ _ _ _ _\n\nself = <selenium.webdriver.support.wait.WebDriverWait (session=\"f3aa393738ba071cef64a27cc002d632\")>\nmethod = <function presence_of_element_located.<locals>._predicate at 0x000001F4735C57E0>\nmessage = ''\n\n    def until(self, method, message: str = \"\"):\n        \"\"\"Calls the method provided with the driver as an argument until the \\\n        return value does not evaluate to ``False``.\n    \n        :param method: callable(WebDriver)\n        :param message: optional message for :exc:`TimeoutException`\n        :returns: the result of the last call to `method`\n        :raises: :exc:`selenium.common.exceptions.TimeoutException` if timeout occurs\n        \"\"\"\n        screen = None\n        stacktrace = None\n    \n        end_time = time.monotonic() + self._timeout\n        while True:\n            try:\n                value = method(self._driver)\n                if value:\n                    return value\n            except self._ignored_exceptions as exc:\n                screen = getattr(exc, \"screen\", None)\n                stacktrace = getattr(exc, \"stacktrace\", None)\n            time.sleep(self._poll)\n            if time.monotonic() > end_time:\n                break\n>       raise TimeoutException(message, screen, stacktrace)\nE       selenium.common.exceptions.TimeoutException: Message: \nE       Stacktrace:\nE       \tGetHandleVerifier [0x00F48923+23283]\nE       \t(No symbol) [0x00F0E934]\nE       \t(No symbol) [0x00E40733]\nE       \t(No symbol) [0x00E8326F]\nE       \t(No symbol) [0x00E834AB]\nE       \t(No symbol) [0x00EBEE42]\nE       \t(No symbol) [0x00EA4464]\nE       \t(No symbol) [0x00EBCB8D]\nE       \t(No symbol) [0x00EA41B6]\nE       \t(No symbol) [0x00E78017]\nE       \t(No symbol) [0x00E7890D]\nE       \tGetHandleVerifier [0x0103A5F3+1013699]\nE       \tGetHandleVerifier [0x01043E4C+1052700]\nE       \tGetHandleVerifier [0x0103D4B4+1025668]\nE       \tGetHandleVerifier [0x00F6EA2B+179195]\nE       \t(No symbol) [0x00F16833]\nE       \t(No symbol) [0x00F13198]\nE       \t(No symbol) [0x00F13337]\nE       \t(No symbol) [0x00F0B4BE]\nE       \tBaseThreadInitThunk [0x75757BA9+25]\nE       \tRtlInitializeExceptionChain [0x7737C11B+107]\nE       \tRtlClearBits [0x7737C09F+191]\n\n..\\..\\..\\..\\..\\AppData\\Local\\Programs\\Python\\Python310\\lib\\site-packages\\selenium\\webdriver\\support\\wait.py:95: TimeoutException"}, "steps": [{"name": "Given I open Flipkart", "status": "passed", "start": 1727030248378, "stop": 1727030275512}, {"name": "When I search for \"Samsung S24 128 GB\" and select the second item", "status": "passed", "start": 1727030275512, "stop": 1727030279653}, {"name": "And I check the item's availability and add it to the cart", "status": "passed", "start": 1727030279653, "stop": 1727030292480}, {"name": "And I return to the home page", "status": "failed", "statusDetails": {"message": "Message: \nStacktrace:\n\tGetHandleVerifier [0x00F48923+23283]\n\t(No symbol) [0x00F0E934]\n\t(No symbol) [0x00E40733]\n\t(No symbol) [0x00E8326F]\n\t(No symbol) [0x00E834AB]\n\t(No symbol) [0x00EBEE42]\n\t(No symbol) [0x00EA4464]\n\t(No symbol) [0x00EBCB8D]\n\t(No symbol) [0x00EA41B6]\n\t(No symbol) [0x00E78017]\n\t(No symbol) [0x00E7890D]\n\tGetHandleVerifier [0x0103A5F3+1013699]\n\tGetHandleVerifier [0x01043E4C+1052700]\n\tGetHandleVerifier [0x0103D4B4+1025668]\n\tGetHandleVerifier [0x00F6EA2B+179195]\n\t(No symbol) [0x00F16833]\n\t(No symbol) [0x00F13198]\n\t(No symbol) [0x00F13337]\n\t(No symbol) [0x00F0B4BE]\n\tBaseThreadInitThunk [0x75757BA9+25]\n\tRtlInitializeExceptionChain [0x7737C11B+107]\n\tRtlClearBits [0x7737C09F+191]\n", "trace": "selenium.common.exceptions.TimeoutException: Message: \nStacktrace:\n\tGetHandleVerifier [0x00F48923+23283]\n\t(No symbol) [0x00F0E934]\n\t(No symbol) [0x00E40733]\n\t(No symbol) [0x00E8326F]\n\t(No symbol) [0x00E834AB]\n\t(No symbol) [0x00EBEE42]\n\t(No symbol) [0x00EA4464]\n\t(No symbol) [0x00EBCB8D]\n\t(No symbol) [0x00EA41B6]\n\t(No symbol) [0x00E78017]\n\t(No symbol) [0x00E7890D]\n\tGetHandleVerifier [0x0103A5F3+1013699]\n\tGetHandleVerifier [0x01043E4C+1052700]\n\tGetHandleVerifier [0x0103D4B4+1025668]\n\tGetHandleVerifier [0x00F6EA2B+179195]\n\t(No symbol) [0x00F16833]\n\t(No symbol) [0x00F13198]\n\t(No symbol) [0x00F13337]\n\t(No symbol) [0x00F0B4BE]\n\tBaseThreadInitThunk [0x75757BA9+25]\n\tRtlInitializeExceptionChain [0x7737C11B+107]\n\tRtlClearBits [0x7737C09F+191]\n\n"}, "start": 1727030292480, "stop": 1727030306164}], "start": 1727030248377, "stop": 1727030306164, "uuid": "201ac3ef-bea1-44b4-47d1-6e1d7a90cbeb", "historyId": "201ac3efbea144b447d16e1d7a90cbeb", "fullName": "features\\item_ordering.feature:Order items and verify cart", "labels": [{"name": "host", "value": "IND-5CG0259CKD"}, {"name": "thread", "value": "28456-MainThread"}, {"name": "framework", "value": "pytest-bdd"}, {"name": "language", "value": "cpython3"}, {"name": "feature", "value": "Item ordering on Flipkart"}]}